<<<<<<< HEAD
2022-04-29T00:59:42+00:00 CRITICAL Uncaught Error: Call to undefined function _styles() in C:\wamp64\www\CMS\wp-content\themes\group-6\functions.php:102
Stack trace:
#0 C:\wamp64\www\CMS\wp-includes\class-wp-hook.php(303): group_6_setup('')
#1 C:\wamp64\www\CMS\wp-includes\class-wp-hook.php(327): WP_Hook->apply_filters(NULL, Array)
#2 C:\wamp64\www\CMS\wp-includes\plugin.php(470): WP_Hook->do_action(Array)
#3 C:\wamp64\www\CMS\wp-settings.php(556): do_action('after_setup_the...')
#4 C:\wamp64\www\CMS\wp-config.php(89): require_once('C:\\wamp64\\www\\C...')
#5 C:\wamp64\www\CMS\wp-load.php(50): require_once('C:\\wamp64\\www\\C...')
#6 C:\wamp64\www\CMS\wp-blog-header.php(13): require_once('C:\\wamp64\\www\\C...')
#7 C:\wamp64\www\CMS\index.php(17): require('C:\\wamp64\\www\\C...')
#8 {main}
  thrown in C:\wamp64\www\CMS\wp-content\themes\group-6\functions.php on line 102
=======
2022-04-29T01:07:20+00:00 CRITICAL Uncaught Error: Call to undefined function buzzstore_html_tag_schema() in C:\xampp\htdocs\CMS\wp-content\themes\group-6\header.php:15
Stack trace:
#0 C:\xampp\htdocs\CMS\wp-includes\template.php(770): require_once()
#1 C:\xampp\htdocs\CMS\wp-includes\template.php(716): load_template('C:\\xampp\\htdocs...', true, Array)
#2 C:\xampp\htdocs\CMS\wp-includes\general-template.php(48): locate_template(Array, true, true, Array)
#3 C:\xampp\htdocs\CMS\wp-content\themes\group-6\index.php(15): get_header()
#4 C:\xampp\htdocs\CMS\wp-includes\template-loader.php(106): include('C:\\xampp\\htdocs...')
#5 C:\xampp\htdocs\CMS\wp-blog-header.php(19): require_once('C:\\xampp\\htdocs...')
#6 C:\xampp\htdocs\CMS\index.php(17): require('C:\\xampp\\htdocs...')
#7 {main}
  thrown in C:\xampp\htdocs\CMS\wp-content\themes\group-6\header.php on line 15
>>>>>>> afc9af6003e3bd041682b70f434509e3fbe56e38

